android/build/outputs/logs/manifest-merger-debug-report.txt
-- Merging decision tree log ---
manifest
ADDED from Libgdx-Jogo/android/AndroidManifest.xml:2:1-24:12
	package
		ADDED from Libgdx-Jogo/android/AndroidManifest.xml:3:5-36
		INJECTED from Libgdx-Jogo/android/AndroidManifest.xml
		INJECTED from Libgdx-Jogo/android/AndroidManifest.xml
	android:versionName
		ADDED from Libgdx-Jogo/android/AndroidManifest.xml:5:5-30
		INJECTED from Libgdx-Jogo/android/AndroidManifest.xml
		INJECTED from Libgdx-Jogo/android/AndroidManifest.xml
	android:versionCode
		ADDED from Libgdx-Jogo/android/AndroidManifest.xml:4:5-28
		INJECTED from Libgdx-Jogo/android/AndroidManifest.xml
		INJECTED from Libgdx-Jogo/android/AndroidManifest.xml
	xmlns:android
		ADDED from Libgdx-Jogo/android/AndroidManifest.xml:2:11-69
application
ADDED from Libgdx-Jogo/android/AndroidManifest.xml:7:5-22:19
MERGED from [de.tomgrill.gdxfacebook:gdx-facebook-android:1.2.1] AndroidManifest.xml:9:5-20
MERGED from [com.facebook.android:facebook-android-sdk:4.12.1] AndroidManifest.xml:28:5-37:19
MERGED from [com.android.support:cardview-v7:23.4.0] AndroidManifest.xml:22:5-20
MERGED from [com.android.support:support-v4:23.4.0] AndroidManifest.xml:22:5-20
MERGED from [com.android.support:customtabs:23.4.0] AndroidManifest.xml:22:5-20
MERGED from [com.android.support:support-v4:23.4.0] AndroidManifest.xml:22:5-20
	android:label
		ADDED from Libgdx-Jogo/android/AndroidManifest.xml:10:9-41
	android:allowBackup
		ADDED from Libgdx-Jogo/android/AndroidManifest.xml:8:9-35
	android:icon
		ADDED from Libgdx-Jogo/android/AndroidManifest.xml:9:9-45
	android:theme
		ADDED from Libgdx-Jogo/android/AndroidManifest.xml:11:9-40
activity#br.com.dantieris.jogo.AndroidLauncher
ADDED from Libgdx-Jogo/android/AndroidManifest.xml:12:9-21:20
	android:screenOrientation
		ADDED from Libgdx-Jogo/android/AndroidManifest.xml:15:13-50
	android:label
		ADDED from Libgdx-Jogo/android/AndroidManifest.xml:14:13-45
	android:configChanges
		ADDED from Libgdx-Jogo/android/AndroidManifest.xml:16:13-83
	android:name
		ADDED from Libgdx-Jogo/android/AndroidManifest.xml:13:13-65
intent-filter#android.intent.action.MAIN+android.intent.category.LAUNCHER
ADDED from Libgdx-Jogo/android/AndroidManifest.xml:17:13-20:29
action#android.intent.action.MAIN
ADDED from Libgdx-Jogo/android/AndroidManifest.xml:18:17-69
	android:name
		ADDED from Libgdx-Jogo/android/AndroidManifest.xml:18:25-66
category#android.intent.category.LAUNCHER
ADDED from Libgdx-Jogo/android/AndroidManifest.xml:19:17-77
	android:name
		ADDED from Libgdx-Jogo/android/AndroidManifest.xml:19:27-74
uses-sdk
INJECTED from Libgdx-Jogo/android/AndroidManifest.xml reason: use-sdk injection requested
MERGED from [de.tomgrill.gdxfacebook:gdx-facebook-android:1.2.1] AndroidManifest.xml:5:5-7:41
MERGED from [com.facebook.android:facebook-android-sdk:4.12.1] AndroidManifest.xml:24:5-26:41
MERGED from [com.android.support:cardview-v7:23.4.0] AndroidManifest.xml:20:5-43
MERGED from [com.android.support:support-v4:23.4.0] AndroidManifest.xml:20:5-43
MERGED from [com.android.support:customtabs:23.4.0] AndroidManifest.xml:20:5-44
MERGED from [com.android.support:support-v4:23.4.0] AndroidManifest.xml:20:5-43
	android:targetSdkVersion
		INJECTED from Libgdx-Jogo/android/AndroidManifest.xml
		INJECTED from Libgdx-Jogo/android/AndroidManifest.xml
	android:minSdkVersion
		INJECTED from Libgdx-Jogo/android/AndroidManifest.xml
		INJECTED from Libgdx-Jogo/android/AndroidManifest.xml
activity#com.facebook.FacebookActivity
ADDED from [com.facebook.android:facebook-android-sdk:4.12.1] AndroidManifest.xml:29:9-32:75
	android:configChanges
		ADDED from [com.facebook.android:facebook-android-sdk:4.12.1] AndroidManifest.xml:31:13-96
	android:theme
		ADDED from [com.facebook.android:facebook-android-sdk:4.12.1] AndroidManifest.xml:32:13-72
	android:name
		ADDED from [com.facebook.android:facebook-android-sdk:4.12.1] AndroidManifest.xml:30:13-57
activity#com.facebook.CustomTabActivity
ADDED from [com.facebook.android:facebook-android-sdk:4.12.1] AndroidManifest.xml:33:9-36:20
	android:exported
		ADDED from [com.facebook.android:facebook-android-sdk:4.12.1] AndroidManifest.xml:35:13-36
	android:name
		ADDED from [com.facebook.android:facebook-android-sdk:4.12.1] AndroidManifest.xml:34:13-58